<?xml version="1.0" encoding="UTF-8"?>
<!-- Generated by org.testng.reporters.JUnitReportReporter -->
<testsuite skipped="0" hostname="LAPTOP-6NIVDKIL" name="com.practice.google.GoogleTest" tests="2" failures="0" timestamp="25 Sep 2017 19:10:52 GMT" time="6.828" errors="0">
  <testcase name="getToAccountForm" time="6.716" classname="com.practice.google.GoogleTest"/>
  <testcase name="verifyForm" time="0.112" classname="com.practice.google.GoogleTest"/>
</testsuite> <!-- com.practice.google.GoogleTest -->
